2017-05-26 16:44:44.718 [main] INFO com.simple.scheck.Application(StartupInfoLogger.java:48): Starting Application on zhengjiexiang with PID 8260 (E:\scheck\scheck-web\target\classes started by dell in E:\scheck)
2017-05-26 16:44:44.722 [main] INFO com.simple.scheck.Application(SpringApplication.java:637): No active profile set, falling back to default profiles: default
2017-05-26 16:44:44.815 [main] INFO o.s.b.c.embedded.AnnotationConfigEmbeddedWebApplicationContext(AbstractApplicationContext.java:582): Refreshing org.springframework.boot.context.embedded.AnnotationConfigEmbeddedWebApplicationContext@78b1cc93: startup date [Fri May 26 16:44:44 CST 2017]; root of context hierarchy
2017-05-26 16:44:45.686 [background-preinit] INFO org.hibernate.validator.internal.util.Version(Version.java:30): HV000001: Hibernate Validator 5.3.4.Final
2017-05-26 16:44:47.971 [main] INFO o.s.boot.context.embedded.tomcat.TomcatEmbeddedServletContainer(TomcatEmbeddedServletContainer.java:89): Tomcat initialized with port(s): 8081 (http)
2017-05-26 16:44:48.003 [main] INFO org.apache.catalina.core.StandardService(DirectJDKLog.java:179): Starting service Tomcat
2017-05-26 16:44:48.005 [main] INFO org.apache.catalina.core.StandardEngine(DirectJDKLog.java:179): Starting Servlet Engine: Apache Tomcat/8.5.11
2017-05-26 16:44:48.139 [localhost-startStop-1] INFO org.apache.catalina.core.ContainerBase.[Tomcat].[localhost].[/](DirectJDKLog.java:179): Initializing Spring embedded WebApplicationContext
2017-05-26 16:44:48.139 [localhost-startStop-1] INFO org.springframework.web.context.ContextLoader(EmbeddedWebApplicationContext.java:276): Root WebApplicationContext: initialization completed in 3324 ms
2017-05-26 16:44:48.290 [localhost-startStop-1] INFO org.springframework.boot.web.servlet.ServletRegistrationBean(ServletRegistrationBean.java:190): Mapping servlet: 'dispatcherServlet' to [/]
2017-05-26 16:44:48.295 [localhost-startStop-1] INFO org.springframework.boot.web.servlet.FilterRegistrationBean(AbstractFilterRegistrationBean.java:258): Mapping filter: 'characterEncodingFilter' to: [/*]
2017-05-26 16:44:48.295 [localhost-startStop-1] INFO org.springframework.boot.web.servlet.FilterRegistrationBean(AbstractFilterRegistrationBean.java:258): Mapping filter: 'hiddenHttpMethodFilter' to: [/*]
2017-05-26 16:44:48.295 [localhost-startStop-1] INFO org.springframework.boot.web.servlet.FilterRegistrationBean(AbstractFilterRegistrationBean.java:258): Mapping filter: 'httpPutFormContentFilter' to: [/*]
2017-05-26 16:44:48.296 [localhost-startStop-1] INFO org.springframework.boot.web.servlet.FilterRegistrationBean(AbstractFilterRegistrationBean.java:258): Mapping filter: 'requestContextFilter' to: [/*]
2017-05-26 16:44:49.308 [main] INFO o.s.w.servlet.mvc.method.annotation.RequestMappingHandlerMapping(AbstractHandlerMethodMapping.java:543): Mapped "{[/user/add],methods=[POST]}" onto public java.lang.String com.simple.scheck.controller.TestController.insertUser(com.simple.scheck.dto.form.UserForm)
2017-05-26 16:44:49.310 [main] INFO o.s.w.servlet.mvc.method.annotation.RequestMappingHandlerMapping(AbstractHandlerMethodMapping.java:543): Mapped "{[/v2/api-docs],methods=[GET]}" onto public org.springframework.http.ResponseEntity<springfox.documentation.spring.web.json.Json> springfox.documentation.swagger2.web.Swagger2Controller.getDocumentation(java.lang.String)
2017-05-26 16:44:49.312 [main] INFO o.s.w.servlet.mvc.method.annotation.RequestMappingHandlerMapping(AbstractHandlerMethodMapping.java:543): Mapped "{[/configuration/ui]}" onto org.springframework.http.ResponseEntity<springfox.documentation.swagger.web.UiConfiguration> springfox.documentation.swagger.web.ApiResourceController.uiConfiguration()
2017-05-26 16:44:49.312 [main] INFO o.s.w.servlet.mvc.method.annotation.RequestMappingHandlerMapping(AbstractHandlerMethodMapping.java:543): Mapped "{[/swagger-resources]}" onto org.springframework.http.ResponseEntity<java.util.List<springfox.documentation.swagger.web.SwaggerResource>> springfox.documentation.swagger.web.ApiResourceController.swaggerResources()
2017-05-26 16:44:49.313 [main] INFO o.s.w.servlet.mvc.method.annotation.RequestMappingHandlerMapping(AbstractHandlerMethodMapping.java:543): Mapped "{[/configuration/security]}" onto org.springframework.http.ResponseEntity<springfox.documentation.swagger.web.SecurityConfiguration> springfox.documentation.swagger.web.ApiResourceController.securityConfiguration()
2017-05-26 16:44:49.314 [main] INFO o.s.w.servlet.mvc.method.annotation.RequestMappingHandlerMapping(AbstractHandlerMethodMapping.java:543): Mapped "{[/error]}" onto public org.springframework.http.ResponseEntity<java.util.Map<java.lang.String, java.lang.Object>> org.springframework.boot.autoconfigure.web.BasicErrorController.error(javax.servlet.http.HttpServletRequest)
2017-05-26 16:44:49.315 [main] INFO o.s.w.servlet.mvc.method.annotation.RequestMappingHandlerMapping(AbstractHandlerMethodMapping.java:543): Mapped "{[/error],produces=[text/html]}" onto public org.springframework.web.servlet.ModelAndView org.springframework.boot.autoconfigure.web.BasicErrorController.errorHtml(javax.servlet.http.HttpServletRequest,javax.servlet.http.HttpServletResponse)
2017-05-26 16:44:49.818 [main] INFO o.s.w.servlet.mvc.method.annotation.RequestMappingHandlerAdapter(RequestMappingHandlerAdapter.java:534): Looking for @ControllerAdvice: org.springframework.boot.context.embedded.AnnotationConfigEmbeddedWebApplicationContext@78b1cc93: startup date [Fri May 26 16:44:44 CST 2017]; root of context hierarchy
2017-05-26 16:44:49.893 [main] INFO org.springframework.web.servlet.handler.SimpleUrlHandlerMapping(AbstractUrlHandlerMapping.java:362): Mapped URL path [/webjars/**] onto handler of type [class org.springframework.web.servlet.resource.ResourceHttpRequestHandler]
2017-05-26 16:44:49.894 [main] INFO org.springframework.web.servlet.handler.SimpleUrlHandlerMapping(AbstractUrlHandlerMapping.java:362): Mapped URL path [/**] onto handler of type [class org.springframework.web.servlet.resource.ResourceHttpRequestHandler]
2017-05-26 16:44:49.936 [main] INFO org.springframework.web.servlet.handler.SimpleUrlHandlerMapping(AbstractUrlHandlerMapping.java:362): Mapped URL path [/**/favicon.ico] onto handler of type [class org.springframework.web.servlet.resource.ResourceHttpRequestHandler]
2017-05-26 16:44:50.234 [main] INFO o.springframework.jmx.export.annotation.AnnotationMBeanExporter(MBeanExporter.java:431): Registering beans for JMX exposure on startup
2017-05-26 16:44:50.268 [main] INFO s.d.spring.web.plugins.DocumentationPluginsBootstrapper(DocumentationPluginsBootstrapper.java:80): Context refreshed
2017-05-26 16:44:50.311 [main] INFO s.d.spring.web.plugins.DocumentationPluginsBootstrapper(DocumentationPluginsBootstrapper.java:83): Found {0} custom documentation plugin(s)
2017-05-26 16:44:50.317 [main] INFO s.documentation.spring.web.scanners.ApiListingReferenceScanner(ApiListingReferenceScanner.java:53): Scanning for api listing references
2017-05-26 16:44:50.337 [main] INFO s.documentation.swagger.web.ClassOrApiAnnotationResourceGrouping(ClassOrApiAnnotationResourceGrouping.java:100): Group for method insertUser was 用户接口
2017-05-26 16:44:50.341 [main] INFO s.documentation.spring.web.scanners.ApiListingReferenceScanner(ApiListingReferenceScanner.java:72): Request mapping: insertUser belongs to groups: [[ResourceGroup{groupName='用户接口', position=0, controller=com.simple.scheck.controller.TestController}]] 
2017-05-26 16:44:50.345 [main] INFO s.documentation.spring.web.scanners.ApiListingReferenceScanner(ApiListingReferenceScanner.java:84): Created resource listing Path: /default/用户接口 Description: 用户接口 Position: 0
2017-05-26 16:44:50.377 [main] INFO springfox.documentation.schema.ModelContextKeyGenerator(ModelContextKeyGenerator.java:46): Cache Key Generated: java.lang.String(true)
2017-05-26 16:44:50.378 [main] INFO springfox.documentation.spring.web.caching.CachingAspect(CachingAspect.java:79): Caching aspect applied for cache models with key java.lang.String(true)
2017-05-26 16:44:50.381 [main] INFO springfox.documentation.schema.ModelContextKeyGenerator(ModelContextKeyGenerator.java:46): Cache Key Generated: java.lang.String(true)
2017-05-26 16:44:50.381 [main] INFO springfox.documentation.spring.web.caching.CachingAspect(CachingAspect.java:79): Caching aspect applied for cache modelDependencies with key java.lang.String(true)
2017-05-26 16:44:50.387 [main] INFO springfox.documentation.schema.ModelContextKeyGenerator(ModelContextKeyGenerator.java:46): Cache Key Generated: com.simple.scheck.dto.form.UserForm(false)
2017-05-26 16:44:50.388 [main] INFO springfox.documentation.spring.web.caching.CachingAspect(CachingAspect.java:79): Caching aspect applied for cache models with key com.simple.scheck.dto.form.UserForm(false)
2017-05-26 16:44:50.389 [main] INFO s.documentation.schema.property.ModelPropertiesKeyGenerator(ModelPropertiesKeyGenerator.java:48): Cache key generated: com.simple.scheck.dto.form.UserForm(false)
2017-05-26 16:44:50.390 [main] INFO springfox.documentation.spring.web.caching.CachingAspect(CachingAspect.java:68): Caching aspect applied for cache modelProperties with key com.simple.scheck.dto.form.UserForm(false)
2017-05-26 16:44:50.476 [main] INFO springfox.documentation.schema.ModelContextKeyGenerator(ModelContextKeyGenerator.java:46): Cache Key Generated: com.simple.scheck.dto.form.UserForm(false)
2017-05-26 16:44:50.477 [main] INFO springfox.documentation.spring.web.caching.CachingAspect(CachingAspect.java:79): Caching aspect applied for cache modelDependencies with key com.simple.scheck.dto.form.UserForm(false)
2017-05-26 16:44:50.478 [main] INFO s.documentation.schema.property.ModelPropertiesKeyGenerator(ModelPropertiesKeyGenerator.java:48): Cache key generated: com.simple.scheck.dto.form.UserForm(false)
2017-05-26 16:44:50.479 [main] INFO springfox.documentation.spring.web.caching.CachingAspect(CachingAspect.java:68): Caching aspect applied for cache modelProperties with key com.simple.scheck.dto.form.UserForm(false)
2017-05-26 16:44:50.481 [main] INFO springfox.documentation.spring.web.OperationsKeyGenerator(OperationsKeyGenerator.java:51): Cache key generated: /user/add.com.simple.scheck.controller.TestController.insertUser.DefaultGenericTypeNamingStrategy
2017-05-26 16:44:50.481 [main] INFO springfox.documentation.spring.web.caching.CachingAspect(CachingAspect.java:68): Caching aspect applied for cache operations with key /user/add.com.simple.scheck.controller.TestController.insertUser.DefaultGenericTypeNamingStrategy
2017-05-26 16:44:50.500 [main] INFO s.documentation.swagger.web.ClassOrApiAnnotationResourceGrouping(ClassOrApiAnnotationResourceGrouping.java:100): Group for method insertUser was 用户接口
2017-05-26 16:44:50.869 [main] INFO s.documentation.swagger.web.ClassOrApiAnnotationResourceGrouping(ClassOrApiAnnotationResourceGrouping.java:100): Group for method insertUser was 用户接口
2017-05-26 16:44:50.940 [main] INFO org.apache.coyote.http11.Http11NioProtocol(DirectJDKLog.java:179): Initializing ProtocolHandler ["http-nio-8081"]
2017-05-26 16:44:50.981 [main] INFO org.apache.coyote.http11.Http11NioProtocol(DirectJDKLog.java:179): Starting ProtocolHandler [http-nio-8081]
2017-05-26 16:44:50.993 [main] INFO org.apache.tomcat.util.net.NioSelectorPool(DirectJDKLog.java:179): Using a shared selector for servlet write/read
2017-05-26 16:44:51.010 [main] INFO o.s.boot.context.embedded.tomcat.TomcatEmbeddedServletContainer(TomcatEmbeddedServletContainer.java:198): Tomcat started on port(s): 8081 (http)
2017-05-26 16:44:51.014 [main] INFO com.simple.scheck.Application(StartupInfoLogger.java:57): Started Application in 7.586 seconds (JVM running for 9.058)
2017-05-26 16:45:18.670 [http-nio-8081-exec-1] INFO org.apache.catalina.core.ContainerBase.[Tomcat].[localhost].[/](DirectJDKLog.java:179): Initializing Spring FrameworkServlet 'dispatcherServlet'
2017-05-26 16:45:18.670 [http-nio-8081-exec-1] INFO org.springframework.web.servlet.DispatcherServlet(FrameworkServlet.java:489): FrameworkServlet 'dispatcherServlet': initialization started
2017-05-26 16:45:18.707 [http-nio-8081-exec-1] INFO org.springframework.web.servlet.DispatcherServlet(FrameworkServlet.java:508): FrameworkServlet 'dispatcherServlet': initialization completed in 37 ms
